<?xml version="1.0" encoding="UTF-8"?>
<!-- Generated by org.testng.reporters.JUnitXMLReporter -->
<testsuite ignored="2" hostname="DESKTOP-GCV6TKI" failures="0" tests="2" name="Test" time="56.771" errors="0" timestamp="2021-10-04T16:27:10 IST">
  <testcase classname="com.changestudentEmailID.end.EndToEnd" name="log" time="0.28"/>
  <testcase classname="com.changestudentEmailID.end.EndToEnd" name="FromStudtEmlFi" time="49.882"/>
  <testcase classname="com.changestudentEmailID.end.EndToEnd" name="StudtEml" time="0.0">
    <ignored/>
  </testcase> <!-- StudtEml -->
  <testcase classname="com.changestudentEmailID.end.EndToEnd" name="login" time="0.0">
    <ignored/>
  </testcase> <!-- login -->
</testsuite> <!-- Test -->
