<?xml version="1.0" encoding="UTF-8"?>
<testng-results ignored="0" total="2" passed="2" failed="0" skipped="0">
  <reporter-output>
  </reporter-output>
  <suite started-at="2021-10-04T16:01:41 IST" name="Default suite" finished-at="2021-10-04T16:02:40 IST" duration-ms="59455">
    <groups>
      <group name="sanity">
        <method signature="EndToEnd.AppliReviewdrop()[pri:2, instance:com.apprevievcolumn.End.EndToEnd@662b4c69]" name="AppliReviewdrop" class="com.apprevievcolumn.End.EndToEnd"/>
        <method signature="EndToEnd.login()[pri:1, instance:com.apprevievcolumn.End.EndToEnd@662b4c69]" name="login" class="com.apprevievcolumn.End.EndToEnd"/>
      </group> <!-- sanity -->
    </groups>
    <test started-at="2021-10-04T16:01:41 IST" name="Default test" finished-at="2021-10-04T16:02:40 IST" duration-ms="59455">
      <class name="com.apprevievcolumn.End.EndToEnd">
        <test-method is-config="true" signature="intibase()[pri:0, instance:com.apprevievcolumn.End.EndToEnd@662b4c69]" started-at="2021-10-04T16:01:41 IST" name="intibase" finished-at="2021-10-04T16:01:47 IST" duration-ms="6627" status="PASS">
          <reporter-output>
          </reporter-output>
        </test-method> <!-- intibase -->
        <test-method signature="login()[pri:1, instance:com.apprevievcolumn.End.EndToEnd@662b4c69]" started-at="2021-10-04T16:01:47 IST" name="login" finished-at="2021-10-04T16:01:47 IST" duration-ms="227" status="PASS">
          <reporter-output>
          </reporter-output>
        </test-method> <!-- login -->
        <test-method signature="AppliReviewdrop()[pri:2, instance:com.apprevievcolumn.End.EndToEnd@662b4c69]" started-at="2021-10-04T16:01:47 IST" name="AppliReviewdrop" finished-at="2021-10-04T16:02:40 IST" duration-ms="52560" status="PASS">
          <reporter-output>
          </reporter-output>
        </test-method> <!-- AppliReviewdrop -->
      </class> <!-- com.apprevievcolumn.End.EndToEnd -->
    </test> <!-- Default test -->
  </suite> <!-- Default suite -->
</testng-results>
