<?xml version="1.0" encoding="UTF-8"?>
<!-- Generated by org.testng.reporters.JUnitXMLReporter -->
<testsuite ignored="0" hostname="DESKTOP-GCV6TKI" failures="0" tests="4" name="Test" time="59.078" errors="0" timestamp="2021-09-15T15:24:55 IST">
  <testcase classname="com.columngenderdatebirth.End.EndToEnd" name="loginn" time="0.299"/>
  <testcase classname="com.columngenderdatebirth.End.EndToEnd" name="ColumnDate" time="31.615"/>
  <testcase classname="com.columngenderdatebirth.End.EndToEnd" name="logi" time="0.242"/>
  <testcase classname="com.columngenderdatebirth.End.EndToEnd" name="AgentColumnDate" time="15.51"/>
</testsuite> <!-- Test -->
