<?xml version="1.0" encoding="UTF-8"?>
<!-- Generated by org.testng.reporters.JUnitXMLReporter -->
<testsuite ignored="0" hostname="LAPTOP-VL28O11O" failures="0" tests="2" name="Default test" time="98.399" errors="0" timestamp="2021-10-04T16:03:06 IST">
  <testcase classname="com.findmanagercolumnInevents.endtoendtest.EndToEndTest" name="LoginMSMUnifyTeam" time="0.626"/>
  <testcase classname="com.findmanagercolumnInevents.endtoendtest.EndToEndTest" name="FindManagerColumnInEvents" time="80.603"/>
</testsuite> <!-- Default test -->
