<?xml version="1.0" encoding="UTF-8"?>
<!-- Generated by org.testng.reporters.JUnitXMLReporter -->
<testsuite ignored="0" hostname="LAPTOP-VL28O11O" failures="0" tests="2" name="Test" time="47.787" errors="0" timestamp="2021-10-04T16:53:43 IST">
  <testcase classname="com.institutionpartnertypecolumn.endtoendtest.EndToEndTest" name="login" time="0.576"/>
  <testcase classname="com.institutionpartnertypecolumn.endtoendtest.EndToEndTest" name="CheckInstitutionPartnerTypeColumn" time="35.643"/>
</testsuite> <!-- Test -->
