<?xml version="1.0" encoding="UTF-8"?>
<!-- Generated by org.testng.reporters.JUnitXMLReporter -->
<testsuite ignored="2" hostname="DESKTOP-GCV6TKI" failures="0" tests="0" time="8.612" errors="0" timestamp="2021-10-05T12:52:05 IST">
  <testcase classname="com.businesscertificatereject.End.EndToEnd" name="AddPartnertype1" time="0.0">
    <ignored/>
  </testcase> <!-- AddPartnertype1 -->
  <testcase classname="com.businesscertificatereject.End.EndToEnd" name="AddPartnertype" time="0.0">
    <ignored/>
  </testcase> <!-- AddPartnertype -->
</testsuite>
