<?xml version="1.0" encoding="UTF-8"?>
<testng-results ignored="2" total="4" passed="2" failed="0" skipped="0">
  <reporter-output>
  </reporter-output>
  <suite started-at="2021-10-04T16:26:13 IST" name="Suite" finished-at="2021-10-04T16:27:10 IST" duration-ms="56771">
    <groups>
      <group name="smoke">
        <method signature="EndToEnd.FromStudtEmlFi()[pri:3, instance:com.changestudentEmailID.end.EndToEnd@71def8f8]" name="FromStudtEmlFi" class="com.changestudentEmailID.end.EndToEnd"/>
        <method signature="EndToEnd.log()[pri:2, instance:com.changestudentEmailID.end.EndToEnd@71def8f8]" name="log" class="com.changestudentEmailID.end.EndToEnd"/>
      </group> <!-- smoke -->
    </groups>
    <test started-at="2021-10-04T16:26:13 IST" name="Test" finished-at="2021-10-04T16:27:10 IST" duration-ms="56771">
      <class name="com.changestudentEmailID.end.EndToEnd">
        <test-method is-config="true" signature="intibase()[pri:0, instance:com.changestudentEmailID.end.EndToEnd@71def8f8]" started-at="2021-10-04T16:26:13 IST" name="intibase" finished-at="2021-10-04T16:26:20 IST" duration-ms="6567" status="PASS">
          <reporter-output>
          </reporter-output>
        </test-method> <!-- intibase -->
        <test-method signature="log()[pri:2, instance:com.changestudentEmailID.end.EndToEnd@71def8f8]" started-at="2021-10-04T16:26:20 IST" name="log" finished-at="2021-10-04T16:26:20 IST" duration-ms="280" status="PASS">
          <reporter-output>
          </reporter-output>
        </test-method> <!-- log -->
        <test-method signature="FromStudtEmlFi()[pri:3, instance:com.changestudentEmailID.end.EndToEnd@71def8f8]" started-at="2021-10-04T16:26:20 IST" name="FromStudtEmlFi" finished-at="2021-10-04T16:27:10 IST" duration-ms="49882" status="PASS">
          <reporter-output>
          </reporter-output>
        </test-method> <!-- FromStudtEmlFi -->
      </class> <!-- com.changestudentEmailID.end.EndToEnd -->
    </test> <!-- Test -->
  </suite> <!-- Suite -->
</testng-results>
