<?xml version="1.0" encoding="UTF-8"?>
<!-- Generated by org.testng.reporters.JUnitXMLReporter -->
<testsuite ignored="0" hostname="LAPTOP-VL28O11O" failures="0" tests="5" name="Test" time="161.692" errors="0" timestamp="2021-10-04T17:51:20 IST">
  <testcase classname="com.assigninstitutionsandcheck.endtoendtest.EndToEndTest" name="login" time="0.453"/>
  <testcase classname="com.assigninstitutionsandcheck.endtoendtest.EndToEndTest" name="AssignGMOInstitutionsField" time="56.714"/>
  <testcase classname="com.assigninstitutionsandcheck.endtoendtest.EndToEndTest" name="AssignAbcodoInstitutionsField" time="21.019"/>
  <testcase classname="com.assigninstitutionsandcheck.endtoendtest.EndToEndTest" name="CheckPartnertypeColumnField" time="49.414"/>
  <testcase classname="com.assigninstitutionsandcheck.endtoendtest.EndToEndTest" name="CheckedCheckboxAndDeleteInstitutionsField" time="23.477"/>
</testsuite> <!-- Test -->
