<?xml version="1.0" encoding="UTF-8"?>
<testng-results ignored="0" total="3" passed="3" failed="0" skipped="0">
  <reporter-output>
  </reporter-output>
  <suite started-at="2021-10-22T16:33:23 IST" name="Default suite" finished-at="2021-10-22T16:34:19 IST" duration-ms="55172">
    <groups>
      <group name="sanity">
        <method signature="end.Unifyusageui()[pri:1, instance:com.Reviewstatusdropdown.end.end@49912c99]" name="Unifyusageui" class="com.Reviewstatusdropdown.end.end"/>
        <method signature="end.intibase()[pri:-1, instance:com.Reviewstatusdropdown.end.end@49912c99]" name="intibase" class="com.Reviewstatusdropdown.end.end"/>
        <method signature="end.log()[pri:0, instance:com.Reviewstatusdropdown.end.end@49912c99]" name="log" class="com.Reviewstatusdropdown.end.end"/>
      </group> <!-- sanity -->
    </groups>
    <test started-at="2021-10-22T16:33:23 IST" name="Default test" finished-at="2021-10-22T16:34:19 IST" duration-ms="55172">
      <class name="com.Reviewstatusdropdown.end.end">
        <test-method signature="intibase()[pri:-1, instance:com.Reviewstatusdropdown.end.end@49912c99]" started-at="2021-10-22T16:33:23 IST" name="intibase" finished-at="2021-10-22T16:33:45 IST" duration-ms="21350" status="PASS">
          <reporter-output>
          </reporter-output>
        </test-method> <!-- intibase -->
        <test-method signature="log()[pri:0, instance:com.Reviewstatusdropdown.end.end@49912c99]" started-at="2021-10-22T16:33:45 IST" name="log" finished-at="2021-10-22T16:33:45 IST" duration-ms="309" status="PASS">
          <reporter-output>
          </reporter-output>
        </test-method> <!-- log -->
        <test-method signature="Unifyusageui()[pri:1, instance:com.Reviewstatusdropdown.end.end@49912c99]" started-at="2021-10-22T16:33:45 IST" name="Unifyusageui" finished-at="2021-10-22T16:34:19 IST" duration-ms="33470" status="PASS">
          <reporter-output>
          </reporter-output>
        </test-method> <!-- Unifyusageui -->
      </class> <!-- com.Reviewstatusdropdown.end.end -->
    </test> <!-- Default test -->
  </suite> <!-- Default suite -->
</testng-results>
