<?xml version="1.0" encoding="UTF-8"?>
<testng-results ignored="2" total="2" passed="0" failed="0" skipped="0">
  <reporter-output>
  </reporter-output>
  <suite started-at="2021-10-05T12:51:56 IST" name="Suite" finished-at="2021-10-05T12:52:04 IST" duration-ms="8612">
    <groups>
    </groups>
    <test started-at="2021-10-05T12:51:56 IST" name="Test" finished-at="2021-10-05T12:52:04 IST" duration-ms="8612">
      <class name="com.businesscertificatereject.End.EndToEnd">
        <test-method is-config="true" signature="intibase()[pri:0, instance:com.businesscertificatereject.End.EndToEnd@3bf9ce3e]" started-at="2021-10-05T12:51:56 IST" name="intibase" finished-at="2021-10-05T12:52:04 IST" duration-ms="8593" status="PASS">
          <reporter-output>
          </reporter-output>
        </test-method> <!-- intibase -->
      </class> <!-- com.businesscertificatereject.End.EndToEnd -->
    </test> <!-- Test -->
  </suite> <!-- Suite -->
</testng-results>
