<?xml version="1.0" encoding="UTF-8"?>
<!-- Generated by org.testng.reporters.JUnitXMLReporter -->
<testsuite ignored="0" hostname="LAPTOP-VL28O11O" failures="0" tests="2" name="Test" time="90.202" errors="0" timestamp="2021-10-04T17:22:26 IST">
  <testcase classname="com.programsearchviewallprograms.endtoendtest.EndToEndTest" name="login" time="0.61"/>
  <testcase classname="com.programsearchviewallprograms.endtoendtest.EndToEndTest" name="CreateStudentNotes" time="73.951"/>
</testsuite> <!-- Test -->
