<?xml version="1.0" encoding="UTF-8"?>
<!-- Generated by org.testng.reporters.JUnitXMLReporter -->
<testsuite ignored="0" hostname="LAPTOP-VL28O11O" failures="0" tests="3" name="Test" time="150.125" errors="0" timestamp="2021-10-04T16:36:47 IST">
  <testcase classname="com.editrecruitercheckedconsoller.endtoendtest.EndToEndTest" name="login" time="0.557"/>
  <testcase classname="com.editrecruitercheckedconsoller.endtoendtest.EndToEndTest" name="CheckedConsollerData" time="98.641"/>
  <testcase classname="com.editrecruitercheckedconsoller.endtoendtest.EndToEndTest" name="EditCheckedConsollerData" time="35.899"/>
</testsuite> <!-- Test -->
