<?xml version="1.0" encoding="UTF-8"?>
<testng-results ignored="0" total="2" passed="2" failed="0" skipped="0">
  <reporter-output>
  </reporter-output>
  <suite started-at="2021-10-04T17:09:10 IST" name="Suite" finished-at="2021-10-04T17:11:02 IST" duration-ms="112175">
    <groups>
      <group name="regration">
        <method signature="EndToEndTest.CreateStudentNotes()[pri:1, instance:com.studentnotessection.endtoendtest.EndToEndTest@696da30b]" name="CreateStudentNotes" class="com.studentnotessection.endtoendtest.EndToEndTest"/>
      </group> <!-- regration -->
      <group name="smoke">
        <method signature="EndToEndTest.login()[pri:0, instance:com.studentnotessection.endtoendtest.EndToEndTest@696da30b]" name="login" class="com.studentnotessection.endtoendtest.EndToEndTest"/>
      </group> <!-- smoke -->
    </groups>
    <test started-at="2021-10-04T17:09:10 IST" name="Test" finished-at="2021-10-04T17:11:02 IST" duration-ms="112175">
      <class name="com.studentnotessection.endtoendtest.EndToEndTest">
        <test-method is-config="true" signature="intibase()[pri:0, instance:com.studentnotessection.endtoendtest.EndToEndTest@696da30b]" started-at="2021-10-04T17:09:10 IST" name="intibase" finished-at="2021-10-04T17:09:22 IST" duration-ms="11893" status="PASS">
          <reporter-output>
          </reporter-output>
        </test-method> <!-- intibase -->
        <test-method signature="login()[pri:0, instance:com.studentnotessection.endtoendtest.EndToEndTest@696da30b]" started-at="2021-10-04T17:09:22 IST" name="login" finished-at="2021-10-04T17:09:22 IST" duration-ms="436" status="PASS">
          <reporter-output>
          </reporter-output>
        </test-method> <!-- login -->
        <test-method signature="CreateStudentNotes()[pri:1, instance:com.studentnotessection.endtoendtest.EndToEndTest@696da30b]" started-at="2021-10-04T17:09:22 IST" name="CreateStudentNotes" finished-at="2021-10-04T17:11:02 IST" duration-ms="99784" status="PASS">
          <reporter-output>
          </reporter-output>
        </test-method> <!-- CreateStudentNotes -->
      </class> <!-- com.studentnotessection.endtoendtest.EndToEndTest -->
    </test> <!-- Test -->
  </suite> <!-- Suite -->
</testng-results>
