<?xml version="1.0" encoding="UTF-8"?>
<!-- Generated by org.testng.reporters.JUnitXMLReporter -->
<testsuite ignored="0" hostname="DESKTOP-GCV6TKI" failures="0" tests="4" name="Default test" time="51.211" errors="0" timestamp="2021-10-04T15:59:21 IST">
  <testcase classname="com.columngenderdatebirth.End.EndToEnd" name="loginn" time="0.337"/>
  <testcase classname="com.columngenderdatebirth.End.EndToEnd" name="ColumnDate" time="28.008"/>
  <testcase classname="com.columngenderdatebirth.End.EndToEnd" name="logi" time="0.206"/>
  <testcase classname="com.columngenderdatebirth.End.EndToEnd" name="AgentColumnDate" time="15.477"/>
</testsuite> <!-- Default test -->
