<?xml version="1.0" encoding="UTF-8"?>
<!-- Generated by org.testng.reporters.JUnitXMLReporter -->
<testsuite ignored="0" hostname="LAPTOP-VL28O11O" failures="0" tests="3" name="Test" time="165.811" errors="0" timestamp="2021-10-04T16:47:54 IST">
  <testcase classname="com.marketingsection.endtoendtest.EndToEndTest" name="login" time="0.467"/>
  <testcase classname="com.marketingsection.endtoendtest.EndToEndTest" name="AddingMarketingCalling" time="85.409"/>
  <testcase classname="com.marketingsection.endtoendtest.EndToEndTest" name="CheckedMarketingCallingData" time="67.797"/>
</testsuite> <!-- Test -->
