<?xml version="1.0" encoding="UTF-8"?>
<!-- Generated by org.testng.reporters.JUnitXMLReporter -->
<testsuite ignored="0" hostname="LAPTOP-VL28O11O" failures="2" tests="2" name="Test" time="0.169" errors="0" timestamp="2021-10-04T15:59:46 IST">
  <testcase classname="com.findmanagercolumnInevents.endtoendtest.EndToEndTest" name="LoginMSMUnifyTeam" time="0.061">
    <failure type="java.lang.NullPointerException" message="Cannot invoke &amp;quot;org.openqa.selenium.WebDriver.manage()&amp;quot; because &amp;quot;this.driver&amp;quot; is null">
      <![CDATA[java.lang.NullPointerException: Cannot invoke "org.openqa.selenium.WebDriver.manage()" because "this.driver" is null
at com.findmanagercolumnInevents.pom.LogInPage.Logdata(LogInPage.java:29)
at com.findmanagercolumnInevents.endtoendtest.EndToEndTest.LoginMSMUnifyTeam(EndToEndTest.java:31)
at java.base/java.util.ArrayList.forEach(ArrayList.java:1511)
... Removed 27 stack frames]]>
    </failure>
  </testcase> <!-- LoginMSMUnifyTeam -->
  <testcase classname="com.findmanagercolumnInevents.endtoendtest.EndToEndTest" name="FindManagerColumnInEvents" time="0.02">
    <failure type="java.lang.NullPointerException" message="Cannot invoke &amp;quot;org.openqa.selenium.WebDriver.manage()&amp;quot; because &amp;quot;this.driver&amp;quot; is null">
      <![CDATA[java.lang.NullPointerException: Cannot invoke "org.openqa.selenium.WebDriver.manage()" because "this.driver" is null
at com.findmanagercolumnInevents.pom.FindManagerColumn.FindManagerColumnFields(FindManagerColumn.java:70)
at com.findmanagercolumnInevents.endtoendtest.EndToEndTest.FindManagerColumnInEvents(EndToEndTest.java:38)
at java.base/java.util.ArrayList.forEach(ArrayList.java:1511)
... Removed 27 stack frames]]>
    </failure>
  </testcase> <!-- FindManagerColumnInEvents -->
</testsuite> <!-- Test -->
