<?xml version="1.0" encoding="UTF-8"?>
<!-- Generated by org.testng.reporters.JUnitXMLReporter -->
<testsuite ignored="0" hostname="DESKTOP-GCV6TKI" failures="0" tests="3" name="Default test" time="55.172" errors="0" timestamp="2021-10-22T16:34:19 IST">
  <testcase classname="com.Reviewstatusdropdown.end.end" name="intibase" time="21.35"/>
  <testcase classname="com.Reviewstatusdropdown.end.end" name="log" time="0.309"/>
  <testcase classname="com.Reviewstatusdropdown.end.end" name="Unifyusageui" time="33.47"/>
</testsuite> <!-- Default test -->
