<?xml version="1.0" encoding="UTF-8"?>
<!-- Generated by org.testng.reporters.JUnitXMLReporter -->
<testsuite ignored="0" hostname="DESKTOP-GCV6TKI" failures="0" tests="4" name="Default test" time="273.124" errors="0" timestamp="2021-09-07T10:00:04 IST">
  <testcase classname="com.latinamericacoun.end.EndToEnd" name="log" time="0.254"/>
  <testcase classname="com.latinamericacoun.end.EndToEnd" name="latincnt" time="198.883"/>
  <testcase classname="com.latinamericacoun.end.EndToEnd" name="login" time="0.188"/>
  <testcase classname="com.latinamericacoun.end.EndToEnd" name="assapplinumbr" time="50.047"/>
</testsuite> <!-- Default test -->
