<?xml version="1.0" encoding="UTF-8"?>
<testng-results ignored="0" total="2" passed="2" failed="0" skipped="0">
  <reporter-output>
  </reporter-output>
  <suite started-at="2021-10-04T17:20:56 IST" name="Suite" finished-at="2021-10-04T17:22:26 IST" duration-ms="90202">
    <groups>
      <group name="regration">
        <method signature="EndToEndTest.CreateStudentNotes()[pri:1, instance:com.programsearchviewallprograms.endtoendtest.EndToEndTest@696da30b]" name="CreateStudentNotes" class="com.programsearchviewallprograms.endtoendtest.EndToEndTest"/>
      </group> <!-- regration -->
      <group name="smoke">
        <method signature="EndToEndTest.login()[pri:0, instance:com.programsearchviewallprograms.endtoendtest.EndToEndTest@696da30b]" name="login" class="com.programsearchviewallprograms.endtoendtest.EndToEndTest"/>
      </group> <!-- smoke -->
    </groups>
    <test started-at="2021-10-04T17:20:56 IST" name="Test" finished-at="2021-10-04T17:22:26 IST" duration-ms="90202">
      <class name="com.programsearchviewallprograms.endtoendtest.EndToEndTest">
        <test-method is-config="true" signature="intibase()[pri:0, instance:com.programsearchviewallprograms.endtoendtest.EndToEndTest@696da30b]" started-at="2021-10-04T17:20:56 IST" name="intibase" finished-at="2021-10-04T17:21:11 IST" duration-ms="15589" status="PASS">
          <reporter-output>
          </reporter-output>
        </test-method> <!-- intibase -->
        <test-method signature="login()[pri:0, instance:com.programsearchviewallprograms.endtoendtest.EndToEndTest@696da30b]" started-at="2021-10-04T17:21:11 IST" name="login" finished-at="2021-10-04T17:21:12 IST" duration-ms="610" status="PASS">
          <reporter-output>
          </reporter-output>
        </test-method> <!-- login -->
        <test-method signature="CreateStudentNotes()[pri:1, instance:com.programsearchviewallprograms.endtoendtest.EndToEndTest@696da30b]" started-at="2021-10-04T17:21:12 IST" name="CreateStudentNotes" finished-at="2021-10-04T17:22:26 IST" duration-ms="73951" status="PASS">
          <reporter-output>
          </reporter-output>
        </test-method> <!-- CreateStudentNotes -->
      </class> <!-- com.programsearchviewallprograms.endtoendtest.EndToEndTest -->
    </test> <!-- Test -->
  </suite> <!-- Suite -->
</testng-results>
