<?xml version="1.0" encoding="UTF-8"?>
<testng-results ignored="0" total="2" passed="2" failed="0" skipped="0">
  <reporter-output>
  </reporter-output>
  <suite started-at="2021-10-04T16:01:27 IST" name="Default suite" finished-at="2021-10-04T16:03:06 IST" duration-ms="98399">
    <groups>
      <group name="regration">
        <method signature="EndToEndTest.FindManagerColumnInEvents()[pri:1, instance:com.findmanagercolumnInevents.endtoendtest.EndToEndTest@2e55dd0c]" name="FindManagerColumnInEvents" class="com.findmanagercolumnInevents.endtoendtest.EndToEndTest"/>
      </group> <!-- regration -->
      <group name="smoke">
        <method signature="EndToEndTest.LoginMSMUnifyTeam()[pri:0, instance:com.findmanagercolumnInevents.endtoendtest.EndToEndTest@2e55dd0c]" name="LoginMSMUnifyTeam" class="com.findmanagercolumnInevents.endtoendtest.EndToEndTest"/>
      </group> <!-- smoke -->
    </groups>
    <test started-at="2021-10-04T16:01:27 IST" name="Default test" finished-at="2021-10-04T16:03:06 IST" duration-ms="98399">
      <class name="com.findmanagercolumnInevents.endtoendtest.EndToEndTest">
        <test-method is-config="true" signature="BrowserFirst()[pri:0, instance:com.findmanagercolumnInevents.endtoendtest.EndToEndTest@2e55dd0c]" started-at="2021-10-04T16:01:27 IST" name="BrowserFirst" finished-at="2021-10-04T16:01:44 IST" duration-ms="17102" status="PASS">
          <reporter-output>
          </reporter-output>
        </test-method> <!-- BrowserFirst -->
        <test-method signature="LoginMSMUnifyTeam()[pri:0, instance:com.findmanagercolumnInevents.endtoendtest.EndToEndTest@2e55dd0c]" started-at="2021-10-04T16:01:44 IST" name="LoginMSMUnifyTeam" finished-at="2021-10-04T16:01:45 IST" duration-ms="626" status="PASS">
          <reporter-output>
          </reporter-output>
        </test-method> <!-- LoginMSMUnifyTeam -->
        <test-method signature="FindManagerColumnInEvents()[pri:1, instance:com.findmanagercolumnInevents.endtoendtest.EndToEndTest@2e55dd0c]" started-at="2021-10-04T16:01:45 IST" name="FindManagerColumnInEvents" finished-at="2021-10-04T16:03:06 IST" duration-ms="80603" status="PASS">
          <reporter-output>
          </reporter-output>
        </test-method> <!-- FindManagerColumnInEvents -->
      </class> <!-- com.findmanagercolumnInevents.endtoendtest.EndToEndTest -->
    </test> <!-- Default test -->
  </suite> <!-- Default suite -->
</testng-results>
