<?xml version="1.0" encoding="UTF-8"?>
<!-- Generated by org.testng.reporters.JUnitXMLReporter -->
<testsuite ignored="0" hostname="LAPTOP-VL28O11O" failures="0" tests="2" name="Test" time="78.67" errors="0" timestamp="2021-10-04T17:16:14 IST">
  <testcase classname="com.checkhintstudentnotessection.endtoendtest.EndToEndTest" name="login" time="2.145"/>
  <testcase classname="com.checkhintstudentnotessection.endtoendtest.EndToEndTest" name="CreateStudentNotes" time="61.866"/>
</testsuite> <!-- Test -->
